2022-06-17 13:43:09.352  INFO 6824 --- [main] com.example.demo.DemoApplication         : Starting DemoApplication on MZC01-RYUMUN with PID 6824 (C:\sts-4.14.1.RELEASE\workspace\dsa-test-api\target\classes started by MZC01-RYUMUN in C:\sts-4.14.1.RELEASE\workspace\dsa-test-api)
2022-06-17 13:43:09.354  INFO 6824 --- [main] com.example.demo.DemoApplication         : No active profile set, falling back to default profiles: default
2022-06-17 13:43:09.877  INFO 6824 --- [main] o.s.b.w.embedded.tomcat.TomcatWebServer  : Tomcat initialized with port(s): 9000 (http)
2022-06-17 13:43:09.894  INFO 6824 --- [main] o.apache.catalina.core.StandardService   : Starting service [Tomcat]
2022-06-17 13:43:09.894  INFO 6824 --- [main] org.apache.catalina.core.StandardEngine  : Starting Servlet engine: [Apache Tomcat/9.0.21]
2022-06-17 13:43:09.964  INFO 6824 --- [main] o.a.c.c.C.[Tomcat].[localhost].[/]       : Initializing Spring embedded WebApplicationContext
2022-06-17 13:43:09.964  INFO 6824 --- [main] o.s.web.context.ContextLoader            : Root WebApplicationContext: initialization completed in 585 ms
2022-06-17 13:43:10.075  INFO 6824 --- [main] o.s.s.concurrent.ThreadPoolTaskExecutor  : Initializing ExecutorService 'applicationTaskExecutor'
2022-06-17 13:43:10.130  WARN 6824 --- [main] org.thymeleaf.templatemode.TemplateMode  : [THYMELEAF][main] Template Mode 'HTML5' is deprecated. Using Template Mode 'HTML' instead.
2022-06-17 13:43:10.146  INFO 6824 --- [main] o.s.b.a.w.s.WelcomePageHandlerMapping    : Adding welcome page: class path resource [static/index.html]
2022-06-17 13:43:10.227  INFO 6824 --- [main] o.s.b.w.embedded.tomcat.TomcatWebServer  : Tomcat started on port(s): 9000 (http) with context path ''
2022-06-17 13:43:10.229  INFO 6824 --- [main] com.example.demo.DemoApplication         : Started DemoApplication in 1.072 seconds (JVM running for 1.515)
2022-06-17 13:44:26.042  INFO 6824 --- [http-nio-9000-exec-2] o.a.c.c.C.[Tomcat].[localhost].[/]       : Initializing Spring DispatcherServlet 'dispatcherServlet'
2022-06-17 13:44:26.043  INFO 6824 --- [http-nio-9000-exec-2] o.s.web.servlet.DispatcherServlet        : Initializing Servlet 'dispatcherServlet'
2022-06-17 13:44:26.046  INFO 6824 --- [http-nio-9000-exec-2] o.s.web.servlet.DispatcherServlet        : Completed initialization in 3 ms
2022-06-17 13:44:29.744  INFO 6824 --- [http-nio-9000-exec-5] com.example.demo.service.LogServiceImpl  : api Info
2022-06-17 13:44:29.744  INFO 6824 --- [http-nio-9000-exec-5] com.example.demo.service.LogServiceImpl  : api Info
2022-06-17 13:44:33.178  INFO 6824 --- [http-nio-9000-exec-1] com.example.demo.service.LogServiceImpl  : api Info
2022-06-17 13:44:33.178  INFO 6824 --- [http-nio-9000-exec-1] com.example.demo.service.LogServiceImpl  : api Info
2022-06-17 13:44:34.611  WARN 6824 --- [http-nio-9000-exec-6] com.example.demo.service.LogServiceImpl  : api Warn
2022-06-17 13:44:34.611  WARN 6824 --- [http-nio-9000-exec-6] com.example.demo.service.LogServiceImpl  : api Warn
2022-06-17 13:44:35.858 ERROR 6824 --- [http-nio-9000-exec-8] com.example.demo.service.LogServiceImpl  : api Error
2022-06-17 13:44:35.859 ERROR 6824 --- [http-nio-9000-exec-8] com.example.demo.service.LogServiceImpl  : api Error
2022-06-17 13:44:41.875  INFO 6824 --- [http-nio-9000-exec-10] com.example.demo.service.LogServiceImpl  : api Info
2022-06-17 13:44:41.875  WARN 6824 --- [http-nio-9000-exec-10] com.example.demo.service.LogServiceImpl  : api Warn
2022-06-17 13:44:41.875 ERROR 6824 --- [http-nio-9000-exec-10] com.example.demo.service.LogServiceImpl  : api Error
2022-06-17 13:44:41.875  INFO 6824 --- [http-nio-9000-exec-10] com.example.demo.service.LogServiceImpl  : api Info
2022-06-17 13:44:41.875  WARN 6824 --- [http-nio-9000-exec-10] com.example.demo.service.LogServiceImpl  : api Warn
2022-06-17 13:44:41.875 ERROR 6824 --- [http-nio-9000-exec-10] com.example.demo.service.LogServiceImpl  : api Error
2022-06-17 13:44:42.379  INFO 6824 --- [http-nio-9000-exec-7] com.example.demo.service.LogServiceImpl  : api Info
2022-06-17 13:44:42.379  WARN 6824 --- [http-nio-9000-exec-7] com.example.demo.service.LogServiceImpl  : api Warn
2022-06-17 13:44:42.379 ERROR 6824 --- [http-nio-9000-exec-7] com.example.demo.service.LogServiceImpl  : api Error
2022-06-17 13:44:42.379  INFO 6824 --- [http-nio-9000-exec-7] com.example.demo.service.LogServiceImpl  : api Info
2022-06-17 13:44:42.379  WARN 6824 --- [http-nio-9000-exec-7] com.example.demo.service.LogServiceImpl  : api Warn
2022-06-17 13:44:42.379 ERROR 6824 --- [http-nio-9000-exec-7] com.example.demo.service.LogServiceImpl  : api Error
2022-06-17 13:44:42.892  INFO 6824 --- [http-nio-9000-exec-2] com.example.demo.service.LogServiceImpl  : api Info
2022-06-17 13:44:42.892  WARN 6824 --- [http-nio-9000-exec-2] com.example.demo.service.LogServiceImpl  : api Warn
2022-06-17 13:44:42.892 ERROR 6824 --- [http-nio-9000-exec-2] com.example.demo.service.LogServiceImpl  : api Error
2022-06-17 13:44:42.892  INFO 6824 --- [http-nio-9000-exec-2] com.example.demo.service.LogServiceImpl  : api Info
2022-06-17 13:44:42.893  WARN 6824 --- [http-nio-9000-exec-2] com.example.demo.service.LogServiceImpl  : api Warn
2022-06-17 13:44:42.893 ERROR 6824 --- [http-nio-9000-exec-2] com.example.demo.service.LogServiceImpl  : api Error
2022-06-17 13:44:43.405  INFO 6824 --- [http-nio-9000-exec-3] com.example.demo.service.LogServiceImpl  : api Info
2022-06-17 13:44:43.405  WARN 6824 --- [http-nio-9000-exec-3] com.example.demo.service.LogServiceImpl  : api Warn
2022-06-17 13:44:43.405 ERROR 6824 --- [http-nio-9000-exec-3] com.example.demo.service.LogServiceImpl  : api Error
2022-06-17 13:44:43.406  INFO 6824 --- [http-nio-9000-exec-3] com.example.demo.service.LogServiceImpl  : api Info
2022-06-17 13:44:43.406  WARN 6824 --- [http-nio-9000-exec-3] com.example.demo.service.LogServiceImpl  : api Warn
2022-06-17 13:44:43.406 ERROR 6824 --- [http-nio-9000-exec-3] com.example.demo.service.LogServiceImpl  : api Error
2022-06-17 13:44:43.917  INFO 6824 --- [http-nio-9000-exec-4] com.example.demo.service.LogServiceImpl  : api Info
2022-06-17 13:44:43.918  WARN 6824 --- [http-nio-9000-exec-4] com.example.demo.service.LogServiceImpl  : api Warn
2022-06-17 13:44:43.918 ERROR 6824 --- [http-nio-9000-exec-4] com.example.demo.service.LogServiceImpl  : api Error
2022-06-17 13:44:43.918  INFO 6824 --- [http-nio-9000-exec-4] com.example.demo.service.LogServiceImpl  : api Info
2022-06-17 13:44:43.918  WARN 6824 --- [http-nio-9000-exec-4] com.example.demo.service.LogServiceImpl  : api Warn
2022-06-17 13:44:43.918 ERROR 6824 --- [http-nio-9000-exec-4] com.example.demo.service.LogServiceImpl  : api Error
2022-06-17 13:44:44.431  INFO 6824 --- [http-nio-9000-exec-5] com.example.demo.service.LogServiceImpl  : api Info
2022-06-17 13:44:44.432  WARN 6824 --- [http-nio-9000-exec-5] com.example.demo.service.LogServiceImpl  : api Warn
2022-06-17 13:44:44.432 ERROR 6824 --- [http-nio-9000-exec-5] com.example.demo.service.LogServiceImpl  : api Error
2022-06-17 13:44:44.432  INFO 6824 --- [http-nio-9000-exec-5] com.example.demo.service.LogServiceImpl  : api Info
2022-06-17 13:44:44.432  WARN 6824 --- [http-nio-9000-exec-5] com.example.demo.service.LogServiceImpl  : api Warn
2022-06-17 13:44:44.432 ERROR 6824 --- [http-nio-9000-exec-5] com.example.demo.service.LogServiceImpl  : api Error
2022-06-17 13:44:44.944  INFO 6824 --- [http-nio-9000-exec-1] com.example.demo.service.LogServiceImpl  : api Info
2022-06-17 13:44:44.944  WARN 6824 --- [http-nio-9000-exec-1] com.example.demo.service.LogServiceImpl  : api Warn
2022-06-17 13:44:44.944 ERROR 6824 --- [http-nio-9000-exec-1] com.example.demo.service.LogServiceImpl  : api Error
2022-06-17 13:44:44.944  INFO 6824 --- [http-nio-9000-exec-1] com.example.demo.service.LogServiceImpl  : api Info
2022-06-17 13:44:44.944  WARN 6824 --- [http-nio-9000-exec-1] com.example.demo.service.LogServiceImpl  : api Warn
2022-06-17 13:44:44.944 ERROR 6824 --- [http-nio-9000-exec-1] com.example.demo.service.LogServiceImpl  : api Error
2022-06-17 13:44:45.457  INFO 6824 --- [http-nio-9000-exec-6] com.example.demo.service.LogServiceImpl  : api Info
2022-06-17 13:44:45.457  WARN 6824 --- [http-nio-9000-exec-6] com.example.demo.service.LogServiceImpl  : api Warn
2022-06-17 13:44:45.457 ERROR 6824 --- [http-nio-9000-exec-6] com.example.demo.service.LogServiceImpl  : api Error
2022-06-17 13:44:45.457  INFO 6824 --- [http-nio-9000-exec-6] com.example.demo.service.LogServiceImpl  : api Info
2022-06-17 13:44:45.457  WARN 6824 --- [http-nio-9000-exec-6] com.example.demo.service.LogServiceImpl  : api Warn
2022-06-17 13:44:45.457 ERROR 6824 --- [http-nio-9000-exec-6] com.example.demo.service.LogServiceImpl  : api Error
2022-06-17 13:44:55.073  INFO 6824 --- [RMI TCP Connection(11)-127.0.0.1] inMXBeanRegistrar$SpringApplicationAdmin : Application shutdown requested.
2022-06-17 13:44:55.074  INFO 6824 --- [RMI TCP Connection(11)-127.0.0.1] o.s.s.concurrent.ThreadPoolTaskExecutor  : Shutting down ExecutorService 'applicationTaskExecutor'
2022-06-17 14:00:44.802  INFO 2252 --- [main] com.example.demo.DemoApplication         : Starting DemoApplication on MZC01-RYUMUN with PID 2252 (C:\sts-4.14.1.RELEASE\workspace\dsa-test-api\target\classes started by MZC01-RYUMUN in C:\sts-4.14.1.RELEASE\workspace\dsa-test-api)
2022-06-17 14:00:44.804  INFO 2252 --- [main] com.example.demo.DemoApplication         : No active profile set, falling back to default profiles: default
2022-06-17 14:00:45.246  INFO 2252 --- [main] o.s.b.w.embedded.tomcat.TomcatWebServer  : Tomcat initialized with port(s): 9000 (http)
2022-06-17 14:00:45.261  INFO 2252 --- [main] o.apache.catalina.core.StandardService   : Starting service [Tomcat]
2022-06-17 14:00:45.261  INFO 2252 --- [main] org.apache.catalina.core.StandardEngine  : Starting Servlet engine: [Apache Tomcat/9.0.21]
2022-06-17 14:00:45.355  INFO 2252 --- [main] o.a.c.c.C.[Tomcat].[localhost].[/]       : Initializing Spring embedded WebApplicationContext
2022-06-17 14:00:45.355  INFO 2252 --- [main] o.s.web.context.ContextLoader            : Root WebApplicationContext: initialization completed in 533 ms
2022-06-17 14:00:45.456  INFO 2252 --- [main] o.s.s.concurrent.ThreadPoolTaskExecutor  : Initializing ExecutorService 'applicationTaskExecutor'
2022-06-17 14:00:45.506  WARN 2252 --- [main] org.thymeleaf.templatemode.TemplateMode  : [THYMELEAF][main] Template Mode 'HTML5' is deprecated. Using Template Mode 'HTML' instead.
2022-06-17 14:00:45.517  INFO 2252 --- [main] o.s.b.a.w.s.WelcomePageHandlerMapping    : Adding welcome page: class path resource [static/index.html]
2022-06-17 14:00:45.578  INFO 2252 --- [main] o.s.b.w.embedded.tomcat.TomcatWebServer  : Tomcat started on port(s): 9000 (http) with context path ''
2022-06-17 14:00:45.581  INFO 2252 --- [main] com.example.demo.DemoApplication         : Started DemoApplication in 0.94 seconds (JVM running for 1.304)
2022-06-17 14:00:49.299  INFO 2252 --- [http-nio-9000-exec-1] o.a.c.c.C.[Tomcat].[localhost].[/]       : Initializing Spring DispatcherServlet 'dispatcherServlet'
2022-06-17 14:00:49.300  INFO 2252 --- [http-nio-9000-exec-1] o.s.web.servlet.DispatcherServlet        : Initializing Servlet 'dispatcherServlet'
2022-06-17 14:00:49.303  INFO 2252 --- [http-nio-9000-exec-1] o.s.web.servlet.DispatcherServlet        : Completed initialization in 3 ms
2022-06-17 14:02:00.476  INFO 2252 --- [http-nio-9000-exec-5] com.example.demo.service.LogServiceImpl  : api Info
2022-06-17 14:02:00.477  INFO 2252 --- [http-nio-9000-exec-5] com.example.demo.service.LogServiceImpl  : api Info
2022-06-17 14:03:18.215  INFO 2252 --- [http-nio-9000-exec-7] com.example.demo.service.LogServiceImpl  : api Info
2022-06-17 14:03:18.215  INFO 2252 --- [http-nio-9000-exec-7] com.example.demo.service.LogServiceImpl  : api Info
2022-06-17 14:04:50.345  INFO 2252 --- [http-nio-9000-exec-9] com.example.demo.service.LogServiceImpl  : api Info
2022-06-17 14:04:50.345  INFO 2252 --- [http-nio-9000-exec-9] com.example.demo.service.LogServiceImpl  : api Info
2022-06-17 14:06:10.166  WARN 2252 --- [http-nio-9000-exec-1] com.example.demo.service.LogServiceImpl  : api Warn
2022-06-17 14:06:10.166  WARN 2252 --- [http-nio-9000-exec-1] com.example.demo.service.LogServiceImpl  : api Warn
2022-06-17 14:06:11.100 ERROR 2252 --- [http-nio-9000-exec-2] com.example.demo.service.LogServiceImpl  : api Error
2022-06-17 14:06:11.101 ERROR 2252 --- [http-nio-9000-exec-2] com.example.demo.service.LogServiceImpl  : api Error
2022-06-17 14:06:20.677  INFO 2252 --- [http-nio-9000-exec-4] com.example.demo.service.LogServiceImpl  : api Info
2022-06-17 14:06:20.677  WARN 2252 --- [http-nio-9000-exec-4] com.example.demo.service.LogServiceImpl  : api Warn
2022-06-17 14:06:20.677 ERROR 2252 --- [http-nio-9000-exec-4] com.example.demo.service.LogServiceImpl  : api Error
2022-06-17 14:06:20.677  INFO 2252 --- [http-nio-9000-exec-4] com.example.demo.service.LogServiceImpl  : api Info
2022-06-17 14:06:20.677  WARN 2252 --- [http-nio-9000-exec-4] com.example.demo.service.LogServiceImpl  : api Warn
2022-06-17 14:06:20.677 ERROR 2252 --- [http-nio-9000-exec-4] com.example.demo.service.LogServiceImpl  : api Error
2022-06-17 14:06:21.183  INFO 2252 --- [http-nio-9000-exec-5] com.example.demo.service.LogServiceImpl  : api Info
2022-06-17 14:06:21.183  WARN 2252 --- [http-nio-9000-exec-5] com.example.demo.service.LogServiceImpl  : api Warn
2022-06-17 14:06:21.183 ERROR 2252 --- [http-nio-9000-exec-5] com.example.demo.service.LogServiceImpl  : api Error
2022-06-17 14:06:21.183  INFO 2252 --- [http-nio-9000-exec-5] com.example.demo.service.LogServiceImpl  : api Info
2022-06-17 14:06:21.183  WARN 2252 --- [http-nio-9000-exec-5] com.example.demo.service.LogServiceImpl  : api Warn
2022-06-17 14:06:21.183 ERROR 2252 --- [http-nio-9000-exec-5] com.example.demo.service.LogServiceImpl  : api Error
2022-06-17 14:06:21.695  INFO 2252 --- [http-nio-9000-exec-6] com.example.demo.service.LogServiceImpl  : api Info
2022-06-17 14:06:21.695  WARN 2252 --- [http-nio-9000-exec-6] com.example.demo.service.LogServiceImpl  : api Warn
2022-06-17 14:06:21.695 ERROR 2252 --- [http-nio-9000-exec-6] com.example.demo.service.LogServiceImpl  : api Error
2022-06-17 14:06:21.695  INFO 2252 --- [http-nio-9000-exec-6] com.example.demo.service.LogServiceImpl  : api Info
2022-06-17 14:06:21.695  WARN 2252 --- [http-nio-9000-exec-6] com.example.demo.service.LogServiceImpl  : api Warn
2022-06-17 14:06:21.695 ERROR 2252 --- [http-nio-9000-exec-6] com.example.demo.service.LogServiceImpl  : api Error
2022-06-17 14:06:22.194  INFO 2252 --- [http-nio-9000-exec-7] com.example.demo.service.LogServiceImpl  : api Info
2022-06-17 14:06:22.194  WARN 2252 --- [http-nio-9000-exec-7] com.example.demo.service.LogServiceImpl  : api Warn
2022-06-17 14:06:22.194 ERROR 2252 --- [http-nio-9000-exec-7] com.example.demo.service.LogServiceImpl  : api Error
2022-06-17 14:06:22.194  INFO 2252 --- [http-nio-9000-exec-7] com.example.demo.service.LogServiceImpl  : api Info
2022-06-17 14:06:22.194  WARN 2252 --- [http-nio-9000-exec-7] com.example.demo.service.LogServiceImpl  : api Warn
2022-06-17 14:06:22.194 ERROR 2252 --- [http-nio-9000-exec-7] com.example.demo.service.LogServiceImpl  : api Error
2022-06-17 14:06:22.697  INFO 2252 --- [http-nio-9000-exec-8] com.example.demo.service.LogServiceImpl  : api Info
2022-06-17 14:06:22.697  WARN 2252 --- [http-nio-9000-exec-8] com.example.demo.service.LogServiceImpl  : api Warn
2022-06-17 14:06:22.697 ERROR 2252 --- [http-nio-9000-exec-8] com.example.demo.service.LogServiceImpl  : api Error
2022-06-17 14:06:22.697  INFO 2252 --- [http-nio-9000-exec-8] com.example.demo.service.LogServiceImpl  : api Info
2022-06-17 14:06:22.697  WARN 2252 --- [http-nio-9000-exec-8] com.example.demo.service.LogServiceImpl  : api Warn
2022-06-17 14:06:22.697 ERROR 2252 --- [http-nio-9000-exec-8] com.example.demo.service.LogServiceImpl  : api Error
2022-06-17 14:06:23.197  INFO 2252 --- [http-nio-9000-exec-9] com.example.demo.service.LogServiceImpl  : api Info
2022-06-17 14:06:23.197  WARN 2252 --- [http-nio-9000-exec-9] com.example.demo.service.LogServiceImpl  : api Warn
2022-06-17 14:06:23.197 ERROR 2252 --- [http-nio-9000-exec-9] com.example.demo.service.LogServiceImpl  : api Error
2022-06-17 14:06:23.197  INFO 2252 --- [http-nio-9000-exec-9] com.example.demo.service.LogServiceImpl  : api Info
2022-06-17 14:06:23.197  WARN 2252 --- [http-nio-9000-exec-9] com.example.demo.service.LogServiceImpl  : api Warn
2022-06-17 14:06:23.197 ERROR 2252 --- [http-nio-9000-exec-9] com.example.demo.service.LogServiceImpl  : api Error
2022-06-17 14:06:23.699  INFO 2252 --- [http-nio-9000-exec-10] com.example.demo.service.LogServiceImpl  : api Info
2022-06-17 14:06:23.700  WARN 2252 --- [http-nio-9000-exec-10] com.example.demo.service.LogServiceImpl  : api Warn
2022-06-17 14:06:23.700 ERROR 2252 --- [http-nio-9000-exec-10] com.example.demo.service.LogServiceImpl  : api Error
2022-06-17 14:06:23.700  INFO 2252 --- [http-nio-9000-exec-10] com.example.demo.service.LogServiceImpl  : api Info
2022-06-17 14:06:23.700  WARN 2252 --- [http-nio-9000-exec-10] com.example.demo.service.LogServiceImpl  : api Warn
2022-06-17 14:06:23.700 ERROR 2252 --- [http-nio-9000-exec-10] com.example.demo.service.LogServiceImpl  : api Error
2022-06-17 14:06:24.210  INFO 2252 --- [http-nio-9000-exec-1] com.example.demo.service.LogServiceImpl  : api Info
2022-06-17 14:06:24.211  WARN 2252 --- [http-nio-9000-exec-1] com.example.demo.service.LogServiceImpl  : api Warn
2022-06-17 14:06:24.211 ERROR 2252 --- [http-nio-9000-exec-1] com.example.demo.service.LogServiceImpl  : api Error
2022-06-17 14:06:24.211  INFO 2252 --- [http-nio-9000-exec-1] com.example.demo.service.LogServiceImpl  : api Info
2022-06-17 14:06:24.211  WARN 2252 --- [http-nio-9000-exec-1] com.example.demo.service.LogServiceImpl  : api Warn
2022-06-17 14:06:24.211 ERROR 2252 --- [http-nio-9000-exec-1] com.example.demo.service.LogServiceImpl  : api Error
2022-06-17 14:07:02.873  INFO 2252 --- [http-nio-9000-exec-2] com.example.demo.service.LogServiceImpl  : api Info
2022-06-17 14:07:02.873  WARN 2252 --- [http-nio-9000-exec-2] com.example.demo.service.LogServiceImpl  : api Warn
2022-06-17 14:07:02.873 ERROR 2252 --- [http-nio-9000-exec-2] com.example.demo.service.LogServiceImpl  : api Error
2022-06-17 14:07:02.873  INFO 2252 --- [http-nio-9000-exec-2] com.example.demo.service.LogServiceImpl  : api Info
2022-06-17 14:07:02.873  WARN 2252 --- [http-nio-9000-exec-2] com.example.demo.service.LogServiceImpl  : api Warn
2022-06-17 14:07:02.873 ERROR 2252 --- [http-nio-9000-exec-2] com.example.demo.service.LogServiceImpl  : api Error
2022-06-17 14:07:03.384  INFO 2252 --- [http-nio-9000-exec-3] com.example.demo.service.LogServiceImpl  : api Info
2022-06-17 14:07:03.385  WARN 2252 --- [http-nio-9000-exec-3] com.example.demo.service.LogServiceImpl  : api Warn
2022-06-17 14:07:03.385 ERROR 2252 --- [http-nio-9000-exec-3] com.example.demo.service.LogServiceImpl  : api Error
2022-06-17 14:07:03.385  INFO 2252 --- [http-nio-9000-exec-3] com.example.demo.service.LogServiceImpl  : api Info
2022-06-17 14:07:03.385  WARN 2252 --- [http-nio-9000-exec-3] com.example.demo.service.LogServiceImpl  : api Warn
2022-06-17 14:07:03.385 ERROR 2252 --- [http-nio-9000-exec-3] com.example.demo.service.LogServiceImpl  : api Error
2022-06-17 14:07:03.896  INFO 2252 --- [http-nio-9000-exec-4] com.example.demo.service.LogServiceImpl  : api Info
2022-06-17 14:07:03.896  WARN 2252 --- [http-nio-9000-exec-4] com.example.demo.service.LogServiceImpl  : api Warn
2022-06-17 14:07:03.896 ERROR 2252 --- [http-nio-9000-exec-4] com.example.demo.service.LogServiceImpl  : api Error
2022-06-17 14:07:03.896  INFO 2252 --- [http-nio-9000-exec-4] com.example.demo.service.LogServiceImpl  : api Info
2022-06-17 14:07:03.896  WARN 2252 --- [http-nio-9000-exec-4] com.example.demo.service.LogServiceImpl  : api Warn
2022-06-17 14:07:03.896 ERROR 2252 --- [http-nio-9000-exec-4] com.example.demo.service.LogServiceImpl  : api Error
2022-06-17 14:07:04.407  INFO 2252 --- [http-nio-9000-exec-5] com.example.demo.service.LogServiceImpl  : api Info
2022-06-17 14:07:04.407  WARN 2252 --- [http-nio-9000-exec-5] com.example.demo.service.LogServiceImpl  : api Warn
2022-06-17 14:07:04.407 ERROR 2252 --- [http-nio-9000-exec-5] com.example.demo.service.LogServiceImpl  : api Error
2022-06-17 14:07:04.407  INFO 2252 --- [http-nio-9000-exec-5] com.example.demo.service.LogServiceImpl  : api Info
2022-06-17 14:07:04.407  WARN 2252 --- [http-nio-9000-exec-5] com.example.demo.service.LogServiceImpl  : api Warn
2022-06-17 14:07:04.407 ERROR 2252 --- [http-nio-9000-exec-5] com.example.demo.service.LogServiceImpl  : api Error
2022-06-17 14:07:04.918  INFO 2252 --- [http-nio-9000-exec-6] com.example.demo.service.LogServiceImpl  : api Info
2022-06-17 14:07:04.918  WARN 2252 --- [http-nio-9000-exec-6] com.example.demo.service.LogServiceImpl  : api Warn
2022-06-17 14:07:04.918 ERROR 2252 --- [http-nio-9000-exec-6] com.example.demo.service.LogServiceImpl  : api Error
2022-06-17 14:07:04.918  INFO 2252 --- [http-nio-9000-exec-6] com.example.demo.service.LogServiceImpl  : api Info
2022-06-17 14:07:04.918  WARN 2252 --- [http-nio-9000-exec-6] com.example.demo.service.LogServiceImpl  : api Warn
2022-06-17 14:07:04.918 ERROR 2252 --- [http-nio-9000-exec-6] com.example.demo.service.LogServiceImpl  : api Error
2022-06-17 14:07:05.425  INFO 2252 --- [http-nio-9000-exec-7] com.example.demo.service.LogServiceImpl  : api Info
2022-06-17 14:07:05.425  WARN 2252 --- [http-nio-9000-exec-7] com.example.demo.service.LogServiceImpl  : api Warn
2022-06-17 14:07:05.425 ERROR 2252 --- [http-nio-9000-exec-7] com.example.demo.service.LogServiceImpl  : api Error
2022-06-17 14:07:05.425  INFO 2252 --- [http-nio-9000-exec-7] com.example.demo.service.LogServiceImpl  : api Info
2022-06-17 14:07:05.425  WARN 2252 --- [http-nio-9000-exec-7] com.example.demo.service.LogServiceImpl  : api Warn
2022-06-17 14:07:05.425 ERROR 2252 --- [http-nio-9000-exec-7] com.example.demo.service.LogServiceImpl  : api Error
2022-06-17 14:07:05.933  INFO 2252 --- [http-nio-9000-exec-8] com.example.demo.service.LogServiceImpl  : api Info
2022-06-17 14:07:05.934  WARN 2252 --- [http-nio-9000-exec-8] com.example.demo.service.LogServiceImpl  : api Warn
2022-06-17 14:07:05.934 ERROR 2252 --- [http-nio-9000-exec-8] com.example.demo.service.LogServiceImpl  : api Error
2022-06-17 14:07:05.934  INFO 2252 --- [http-nio-9000-exec-8] com.example.demo.service.LogServiceImpl  : api Info
2022-06-17 14:07:05.934  WARN 2252 --- [http-nio-9000-exec-8] com.example.demo.service.LogServiceImpl  : api Warn
2022-06-17 14:07:05.934 ERROR 2252 --- [http-nio-9000-exec-8] com.example.demo.service.LogServiceImpl  : api Error
2022-06-17 14:07:06.442  INFO 2252 --- [http-nio-9000-exec-9] com.example.demo.service.LogServiceImpl  : api Info
2022-06-17 14:07:06.442  WARN 2252 --- [http-nio-9000-exec-9] com.example.demo.service.LogServiceImpl  : api Warn
2022-06-17 14:07:06.442 ERROR 2252 --- [http-nio-9000-exec-9] com.example.demo.service.LogServiceImpl  : api Error
2022-06-17 14:07:06.442  INFO 2252 --- [http-nio-9000-exec-9] com.example.demo.service.LogServiceImpl  : api Info
2022-06-17 14:07:06.442  WARN 2252 --- [http-nio-9000-exec-9] com.example.demo.service.LogServiceImpl  : api Warn
2022-06-17 14:07:06.442 ERROR 2252 --- [http-nio-9000-exec-9] com.example.demo.service.LogServiceImpl  : api Error
2022-06-17 14:07:06.952  INFO 2252 --- [http-nio-9000-exec-10] com.example.demo.service.LogServiceImpl  : api Info
2022-06-17 14:07:06.953  WARN 2252 --- [http-nio-9000-exec-10] com.example.demo.service.LogServiceImpl  : api Warn
2022-06-17 14:07:06.953 ERROR 2252 --- [http-nio-9000-exec-10] com.example.demo.service.LogServiceImpl  : api Error
2022-06-17 14:07:06.953  INFO 2252 --- [http-nio-9000-exec-10] com.example.demo.service.LogServiceImpl  : api Info
2022-06-17 14:07:06.953  WARN 2252 --- [http-nio-9000-exec-10] com.example.demo.service.LogServiceImpl  : api Warn
2022-06-17 14:07:06.953 ERROR 2252 --- [http-nio-9000-exec-10] com.example.demo.service.LogServiceImpl  : api Error
2022-06-17 14:07:07.465  INFO 2252 --- [http-nio-9000-exec-1] com.example.demo.service.LogServiceImpl  : api Info
2022-06-17 14:07:07.466  WARN 2252 --- [http-nio-9000-exec-1] com.example.demo.service.LogServiceImpl  : api Warn
2022-06-17 14:07:07.466 ERROR 2252 --- [http-nio-9000-exec-1] com.example.demo.service.LogServiceImpl  : api Error
2022-06-17 14:07:07.466  INFO 2252 --- [http-nio-9000-exec-1] com.example.demo.service.LogServiceImpl  : api Info
2022-06-17 14:07:07.466  WARN 2252 --- [http-nio-9000-exec-1] com.example.demo.service.LogServiceImpl  : api Warn
2022-06-17 14:07:07.466 ERROR 2252 --- [http-nio-9000-exec-1] com.example.demo.service.LogServiceImpl  : api Error
2022-06-17 14:07:07.967  INFO 2252 --- [http-nio-9000-exec-2] com.example.demo.service.LogServiceImpl  : api Info
2022-06-17 14:07:07.967  WARN 2252 --- [http-nio-9000-exec-2] com.example.demo.service.LogServiceImpl  : api Warn
2022-06-17 14:07:07.967 ERROR 2252 --- [http-nio-9000-exec-2] com.example.demo.service.LogServiceImpl  : api Error
2022-06-17 14:07:07.967  INFO 2252 --- [http-nio-9000-exec-2] com.example.demo.service.LogServiceImpl  : api Info
2022-06-17 14:07:07.967  WARN 2252 --- [http-nio-9000-exec-2] com.example.demo.service.LogServiceImpl  : api Warn
2022-06-17 14:07:07.967 ERROR 2252 --- [http-nio-9000-exec-2] com.example.demo.service.LogServiceImpl  : api Error
2022-06-17 14:07:08.475  INFO 2252 --- [http-nio-9000-exec-3] com.example.demo.service.LogServiceImpl  : api Info
2022-06-17 14:07:08.475  WARN 2252 --- [http-nio-9000-exec-3] com.example.demo.service.LogServiceImpl  : api Warn
2022-06-17 14:07:08.475 ERROR 2252 --- [http-nio-9000-exec-3] com.example.demo.service.LogServiceImpl  : api Error
2022-06-17 14:07:08.475  INFO 2252 --- [http-nio-9000-exec-3] com.example.demo.service.LogServiceImpl  : api Info
2022-06-17 14:07:08.475  WARN 2252 --- [http-nio-9000-exec-3] com.example.demo.service.LogServiceImpl  : api Warn
2022-06-17 14:07:08.476 ERROR 2252 --- [http-nio-9000-exec-3] com.example.demo.service.LogServiceImpl  : api Error
2022-06-17 14:07:24.578  INFO 2252 --- [http-nio-9000-exec-4] com.example.demo.service.LogServiceImpl  : api Info
2022-06-17 14:07:24.578  WARN 2252 --- [http-nio-9000-exec-4] com.example.demo.service.LogServiceImpl  : api Warn
2022-06-17 14:07:24.578 ERROR 2252 --- [http-nio-9000-exec-4] com.example.demo.service.LogServiceImpl  : api Error
2022-06-17 14:07:24.578  INFO 2252 --- [http-nio-9000-exec-4] com.example.demo.service.LogServiceImpl  : api Info
2022-06-17 14:07:24.578  WARN 2252 --- [http-nio-9000-exec-4] com.example.demo.service.LogServiceImpl  : api Warn
2022-06-17 14:07:24.578 ERROR 2252 --- [http-nio-9000-exec-4] com.example.demo.service.LogServiceImpl  : api Error
2022-06-17 14:07:25.086  INFO 2252 --- [http-nio-9000-exec-5] com.example.demo.service.LogServiceImpl  : api Info
2022-06-17 14:07:25.086  WARN 2252 --- [http-nio-9000-exec-5] com.example.demo.service.LogServiceImpl  : api Warn
2022-06-17 14:07:25.086 ERROR 2252 --- [http-nio-9000-exec-5] com.example.demo.service.LogServiceImpl  : api Error
2022-06-17 14:07:25.086  INFO 2252 --- [http-nio-9000-exec-5] com.example.demo.service.LogServiceImpl  : api Info
2022-06-17 14:07:25.086  WARN 2252 --- [http-nio-9000-exec-5] com.example.demo.service.LogServiceImpl  : api Warn
2022-06-17 14:07:25.087 ERROR 2252 --- [http-nio-9000-exec-5] com.example.demo.service.LogServiceImpl  : api Error
2022-06-17 14:07:25.599  INFO 2252 --- [http-nio-9000-exec-6] com.example.demo.service.LogServiceImpl  : api Info
2022-06-17 14:07:25.599  WARN 2252 --- [http-nio-9000-exec-6] com.example.demo.service.LogServiceImpl  : api Warn
2022-06-17 14:07:25.599 ERROR 2252 --- [http-nio-9000-exec-6] com.example.demo.service.LogServiceImpl  : api Error
2022-06-17 14:07:25.600  INFO 2252 --- [http-nio-9000-exec-6] com.example.demo.service.LogServiceImpl  : api Info
2022-06-17 14:07:25.600  WARN 2252 --- [http-nio-9000-exec-6] com.example.demo.service.LogServiceImpl  : api Warn
2022-06-17 14:07:25.600 ERROR 2252 --- [http-nio-9000-exec-6] com.example.demo.service.LogServiceImpl  : api Error
2022-06-17 14:07:26.112  INFO 2252 --- [http-nio-9000-exec-7] com.example.demo.service.LogServiceImpl  : api Info
2022-06-17 14:07:26.112  WARN 2252 --- [http-nio-9000-exec-7] com.example.demo.service.LogServiceImpl  : api Warn
2022-06-17 14:07:26.113 ERROR 2252 --- [http-nio-9000-exec-7] com.example.demo.service.LogServiceImpl  : api Error
2022-06-17 14:07:26.113  INFO 2252 --- [http-nio-9000-exec-7] com.example.demo.service.LogServiceImpl  : api Info
2022-06-17 14:07:26.113  WARN 2252 --- [http-nio-9000-exec-7] com.example.demo.service.LogServiceImpl  : api Warn
2022-06-17 14:07:26.113 ERROR 2252 --- [http-nio-9000-exec-7] com.example.demo.service.LogServiceImpl  : api Error
2022-06-17 14:07:26.625  INFO 2252 --- [http-nio-9000-exec-8] com.example.demo.service.LogServiceImpl  : api Info
2022-06-17 14:07:26.625  WARN 2252 --- [http-nio-9000-exec-8] com.example.demo.service.LogServiceImpl  : api Warn
2022-06-17 14:07:26.625 ERROR 2252 --- [http-nio-9000-exec-8] com.example.demo.service.LogServiceImpl  : api Error
2022-06-17 14:07:26.625  INFO 2252 --- [http-nio-9000-exec-8] com.example.demo.service.LogServiceImpl  : api Info
2022-06-17 14:07:26.625  WARN 2252 --- [http-nio-9000-exec-8] com.example.demo.service.LogServiceImpl  : api Warn
2022-06-17 14:07:26.625 ERROR 2252 --- [http-nio-9000-exec-8] com.example.demo.service.LogServiceImpl  : api Error
2022-06-17 14:07:27.134  INFO 2252 --- [http-nio-9000-exec-9] com.example.demo.service.LogServiceImpl  : api Info
2022-06-17 14:07:27.134  WARN 2252 --- [http-nio-9000-exec-9] com.example.demo.service.LogServiceImpl  : api Warn
2022-06-17 14:07:27.134 ERROR 2252 --- [http-nio-9000-exec-9] com.example.demo.service.LogServiceImpl  : api Error
2022-06-17 14:07:27.134  INFO 2252 --- [http-nio-9000-exec-9] com.example.demo.service.LogServiceImpl  : api Info
2022-06-17 14:07:27.135  WARN 2252 --- [http-nio-9000-exec-9] com.example.demo.service.LogServiceImpl  : api Warn
2022-06-17 14:07:27.135 ERROR 2252 --- [http-nio-9000-exec-9] com.example.demo.service.LogServiceImpl  : api Error
2022-06-17 14:07:27.640  INFO 2252 --- [http-nio-9000-exec-10] com.example.demo.service.LogServiceImpl  : api Info
2022-06-17 14:07:27.640  WARN 2252 --- [http-nio-9000-exec-10] com.example.demo.service.LogServiceImpl  : api Warn
2022-06-17 14:07:27.640 ERROR 2252 --- [http-nio-9000-exec-10] com.example.demo.service.LogServiceImpl  : api Error
2022-06-17 14:07:27.641  INFO 2252 --- [http-nio-9000-exec-10] com.example.demo.service.LogServiceImpl  : api Info
2022-06-17 14:07:27.641  WARN 2252 --- [http-nio-9000-exec-10] com.example.demo.service.LogServiceImpl  : api Warn
2022-06-17 14:07:27.641 ERROR 2252 --- [http-nio-9000-exec-10] com.example.demo.service.LogServiceImpl  : api Error
2022-06-17 14:07:28.155  INFO 2252 --- [http-nio-9000-exec-1] com.example.demo.service.LogServiceImpl  : api Info
2022-06-17 14:07:28.155  WARN 2252 --- [http-nio-9000-exec-1] com.example.demo.service.LogServiceImpl  : api Warn
2022-06-17 14:07:28.155 ERROR 2252 --- [http-nio-9000-exec-1] com.example.demo.service.LogServiceImpl  : api Error
2022-06-17 14:07:28.155  INFO 2252 --- [http-nio-9000-exec-1] com.example.demo.service.LogServiceImpl  : api Info
2022-06-17 14:07:28.155  WARN 2252 --- [http-nio-9000-exec-1] com.example.demo.service.LogServiceImpl  : api Warn
2022-06-17 14:07:28.156 ERROR 2252 --- [http-nio-9000-exec-1] com.example.demo.service.LogServiceImpl  : api Error
2022-06-17 14:07:28.664  INFO 2252 --- [http-nio-9000-exec-2] com.example.demo.service.LogServiceImpl  : api Info
2022-06-17 14:07:28.664  WARN 2252 --- [http-nio-9000-exec-2] com.example.demo.service.LogServiceImpl  : api Warn
2022-06-17 14:07:28.664 ERROR 2252 --- [http-nio-9000-exec-2] com.example.demo.service.LogServiceImpl  : api Error
2022-06-17 14:07:28.664  INFO 2252 --- [http-nio-9000-exec-2] com.example.demo.service.LogServiceImpl  : api Info
2022-06-17 14:07:28.664  WARN 2252 --- [http-nio-9000-exec-2] com.example.demo.service.LogServiceImpl  : api Warn
2022-06-17 14:07:28.664 ERROR 2252 --- [http-nio-9000-exec-2] com.example.demo.service.LogServiceImpl  : api Error
2022-06-17 14:07:29.175  INFO 2252 --- [http-nio-9000-exec-3] com.example.demo.service.LogServiceImpl  : api Info
2022-06-17 14:07:29.175  WARN 2252 --- [http-nio-9000-exec-3] com.example.demo.service.LogServiceImpl  : api Warn
2022-06-17 14:07:29.175 ERROR 2252 --- [http-nio-9000-exec-3] com.example.demo.service.LogServiceImpl  : api Error
2022-06-17 14:07:29.176  INFO 2252 --- [http-nio-9000-exec-3] com.example.demo.service.LogServiceImpl  : api Info
2022-06-17 14:07:29.176  WARN 2252 --- [http-nio-9000-exec-3] com.example.demo.service.LogServiceImpl  : api Warn
2022-06-17 14:07:29.176 ERROR 2252 --- [http-nio-9000-exec-3] com.example.demo.service.LogServiceImpl  : api Error
2022-06-17 14:08:07.896  INFO 2252 --- [http-nio-9000-exec-4] com.example.demo.service.LogServiceImpl  : api Info
2022-06-17 14:08:07.897  WARN 2252 --- [http-nio-9000-exec-4] com.example.demo.service.LogServiceImpl  : api Warn
2022-06-17 14:08:07.897 ERROR 2252 --- [http-nio-9000-exec-4] com.example.demo.service.LogServiceImpl  : api Error
2022-06-17 14:08:07.897  INFO 2252 --- [http-nio-9000-exec-4] com.example.demo.service.LogServiceImpl  : api Info
2022-06-17 14:08:07.897  WARN 2252 --- [http-nio-9000-exec-4] com.example.demo.service.LogServiceImpl  : api Warn
2022-06-17 14:08:07.897 ERROR 2252 --- [http-nio-9000-exec-4] com.example.demo.service.LogServiceImpl  : api Error
2022-06-17 14:08:08.405  INFO 2252 --- [http-nio-9000-exec-5] com.example.demo.service.LogServiceImpl  : api Info
2022-06-17 14:08:08.406  WARN 2252 --- [http-nio-9000-exec-5] com.example.demo.service.LogServiceImpl  : api Warn
2022-06-17 14:08:08.406 ERROR 2252 --- [http-nio-9000-exec-5] com.example.demo.service.LogServiceImpl  : api Error
2022-06-17 14:08:08.406  INFO 2252 --- [http-nio-9000-exec-5] com.example.demo.service.LogServiceImpl  : api Info
2022-06-17 14:08:08.406  WARN 2252 --- [http-nio-9000-exec-5] com.example.demo.service.LogServiceImpl  : api Warn
2022-06-17 14:08:08.406 ERROR 2252 --- [http-nio-9000-exec-5] com.example.demo.service.LogServiceImpl  : api Error
2022-06-17 14:08:08.912  INFO 2252 --- [http-nio-9000-exec-6] com.example.demo.service.LogServiceImpl  : api Info
2022-06-17 14:08:08.912  WARN 2252 --- [http-nio-9000-exec-6] com.example.demo.service.LogServiceImpl  : api Warn
2022-06-17 14:08:08.912 ERROR 2252 --- [http-nio-9000-exec-6] com.example.demo.service.LogServiceImpl  : api Error
2022-06-17 14:08:08.912  INFO 2252 --- [http-nio-9000-exec-6] com.example.demo.service.LogServiceImpl  : api Info
2022-06-17 14:08:08.912  WARN 2252 --- [http-nio-9000-exec-6] com.example.demo.service.LogServiceImpl  : api Warn
2022-06-17 14:08:08.912 ERROR 2252 --- [http-nio-9000-exec-6] com.example.demo.service.LogServiceImpl  : api Error
2022-06-17 14:08:09.425  INFO 2252 --- [http-nio-9000-exec-7] com.example.demo.service.LogServiceImpl  : api Info
2022-06-17 14:08:09.425  WARN 2252 --- [http-nio-9000-exec-7] com.example.demo.service.LogServiceImpl  : api Warn
2022-06-17 14:08:09.425 ERROR 2252 --- [http-nio-9000-exec-7] com.example.demo.service.LogServiceImpl  : api Error
2022-06-17 14:08:09.425  INFO 2252 --- [http-nio-9000-exec-7] com.example.demo.service.LogServiceImpl  : api Info
2022-06-17 14:08:09.425  WARN 2252 --- [http-nio-9000-exec-7] com.example.demo.service.LogServiceImpl  : api Warn
2022-06-17 14:08:09.425 ERROR 2252 --- [http-nio-9000-exec-7] com.example.demo.service.LogServiceImpl  : api Error
2022-06-17 14:08:09.935  INFO 2252 --- [http-nio-9000-exec-8] com.example.demo.service.LogServiceImpl  : api Info
2022-06-17 14:08:09.936  WARN 2252 --- [http-nio-9000-exec-8] com.example.demo.service.LogServiceImpl  : api Warn
2022-06-17 14:08:09.936 ERROR 2252 --- [http-nio-9000-exec-8] com.example.demo.service.LogServiceImpl  : api Error
2022-06-17 14:08:09.936  INFO 2252 --- [http-nio-9000-exec-8] com.example.demo.service.LogServiceImpl  : api Info
2022-06-17 14:08:09.936  WARN 2252 --- [http-nio-9000-exec-8] com.example.demo.service.LogServiceImpl  : api Warn
2022-06-17 14:08:09.936 ERROR 2252 --- [http-nio-9000-exec-8] com.example.demo.service.LogServiceImpl  : api Error
2022-06-17 14:08:10.446  INFO 2252 --- [http-nio-9000-exec-9] com.example.demo.service.LogServiceImpl  : api Info
2022-06-17 14:08:10.447  WARN 2252 --- [http-nio-9000-exec-9] com.example.demo.service.LogServiceImpl  : api Warn
2022-06-17 14:08:10.447 ERROR 2252 --- [http-nio-9000-exec-9] com.example.demo.service.LogServiceImpl  : api Error
2022-06-17 14:08:10.447  INFO 2252 --- [http-nio-9000-exec-9] com.example.demo.service.LogServiceImpl  : api Info
2022-06-17 14:08:10.447  WARN 2252 --- [http-nio-9000-exec-9] com.example.demo.service.LogServiceImpl  : api Warn
2022-06-17 14:08:10.447 ERROR 2252 --- [http-nio-9000-exec-9] com.example.demo.service.LogServiceImpl  : api Error
2022-06-17 14:08:10.959  INFO 2252 --- [http-nio-9000-exec-10] com.example.demo.service.LogServiceImpl  : api Info
2022-06-17 14:08:10.959  WARN 2252 --- [http-nio-9000-exec-10] com.example.demo.service.LogServiceImpl  : api Warn
2022-06-17 14:08:10.959 ERROR 2252 --- [http-nio-9000-exec-10] com.example.demo.service.LogServiceImpl  : api Error
2022-06-17 14:08:10.959  INFO 2252 --- [http-nio-9000-exec-10] com.example.demo.service.LogServiceImpl  : api Info
2022-06-17 14:08:10.959  WARN 2252 --- [http-nio-9000-exec-10] com.example.demo.service.LogServiceImpl  : api Warn
2022-06-17 14:08:10.959 ERROR 2252 --- [http-nio-9000-exec-10] com.example.demo.service.LogServiceImpl  : api Error
2022-06-17 14:08:11.470  INFO 2252 --- [http-nio-9000-exec-1] com.example.demo.service.LogServiceImpl  : api Info
2022-06-17 14:08:11.470  WARN 2252 --- [http-nio-9000-exec-1] com.example.demo.service.LogServiceImpl  : api Warn
2022-06-17 14:08:11.470 ERROR 2252 --- [http-nio-9000-exec-1] com.example.demo.service.LogServiceImpl  : api Error
2022-06-17 14:08:11.470  INFO 2252 --- [http-nio-9000-exec-1] com.example.demo.service.LogServiceImpl  : api Info
2022-06-17 14:08:11.470  WARN 2252 --- [http-nio-9000-exec-1] com.example.demo.service.LogServiceImpl  : api Warn
2022-06-17 14:08:11.470 ERROR 2252 --- [http-nio-9000-exec-1] com.example.demo.service.LogServiceImpl  : api Error
2022-06-17 14:08:11.984  INFO 2252 --- [http-nio-9000-exec-2] com.example.demo.service.LogServiceImpl  : api Info
2022-06-17 14:08:11.984  WARN 2252 --- [http-nio-9000-exec-2] com.example.demo.service.LogServiceImpl  : api Warn
2022-06-17 14:08:11.984 ERROR 2252 --- [http-nio-9000-exec-2] com.example.demo.service.LogServiceImpl  : api Error
2022-06-17 14:08:11.984  INFO 2252 --- [http-nio-9000-exec-2] com.example.demo.service.LogServiceImpl  : api Info
2022-06-17 14:08:11.984  WARN 2252 --- [http-nio-9000-exec-2] com.example.demo.service.LogServiceImpl  : api Warn
2022-06-17 14:08:11.984 ERROR 2252 --- [http-nio-9000-exec-2] com.example.demo.service.LogServiceImpl  : api Error
2022-06-17 14:08:12.494  INFO 2252 --- [http-nio-9000-exec-3] com.example.demo.service.LogServiceImpl  : api Info
2022-06-17 14:08:12.494  WARN 2252 --- [http-nio-9000-exec-3] com.example.demo.service.LogServiceImpl  : api Warn
2022-06-17 14:08:12.494 ERROR 2252 --- [http-nio-9000-exec-3] com.example.demo.service.LogServiceImpl  : api Error
2022-06-17 14:08:12.494  INFO 2252 --- [http-nio-9000-exec-3] com.example.demo.service.LogServiceImpl  : api Info
2022-06-17 14:08:12.494  WARN 2252 --- [http-nio-9000-exec-3] com.example.demo.service.LogServiceImpl  : api Warn
2022-06-17 14:08:12.495 ERROR 2252 --- [http-nio-9000-exec-3] com.example.demo.service.LogServiceImpl  : api Error
2022-06-17 14:08:13.004  INFO 2252 --- [http-nio-9000-exec-4] com.example.demo.service.LogServiceImpl  : api Info
2022-06-17 14:08:13.004  WARN 2252 --- [http-nio-9000-exec-4] com.example.demo.service.LogServiceImpl  : api Warn
2022-06-17 14:08:13.004 ERROR 2252 --- [http-nio-9000-exec-4] com.example.demo.service.LogServiceImpl  : api Error
2022-06-17 14:08:13.004  INFO 2252 --- [http-nio-9000-exec-4] com.example.demo.service.LogServiceImpl  : api Info
2022-06-17 14:08:13.004  WARN 2252 --- [http-nio-9000-exec-4] com.example.demo.service.LogServiceImpl  : api Warn
2022-06-17 14:08:13.004 ERROR 2252 --- [http-nio-9000-exec-4] com.example.demo.service.LogServiceImpl  : api Error
2022-06-17 14:08:13.516  INFO 2252 --- [http-nio-9000-exec-5] com.example.demo.service.LogServiceImpl  : api Info
2022-06-17 14:08:13.516  WARN 2252 --- [http-nio-9000-exec-5] com.example.demo.service.LogServiceImpl  : api Warn
2022-06-17 14:08:13.516 ERROR 2252 --- [http-nio-9000-exec-5] com.example.demo.service.LogServiceImpl  : api Error
2022-06-17 14:08:13.516  INFO 2252 --- [http-nio-9000-exec-5] com.example.demo.service.LogServiceImpl  : api Info
2022-06-17 14:08:13.516  WARN 2252 --- [http-nio-9000-exec-5] com.example.demo.service.LogServiceImpl  : api Warn
2022-06-17 14:08:13.516 ERROR 2252 --- [http-nio-9000-exec-5] com.example.demo.service.LogServiceImpl  : api Error
2022-06-17 14:08:14.025  INFO 2252 --- [http-nio-9000-exec-6] com.example.demo.service.LogServiceImpl  : api Info
2022-06-17 14:08:14.025  WARN 2252 --- [http-nio-9000-exec-6] com.example.demo.service.LogServiceImpl  : api Warn
2022-06-17 14:08:14.025 ERROR 2252 --- [http-nio-9000-exec-6] com.example.demo.service.LogServiceImpl  : api Error
2022-06-17 14:08:14.025  INFO 2252 --- [http-nio-9000-exec-6] com.example.demo.service.LogServiceImpl  : api Info
2022-06-17 14:08:14.025  WARN 2252 --- [http-nio-9000-exec-6] com.example.demo.service.LogServiceImpl  : api Warn
2022-06-17 14:08:14.025 ERROR 2252 --- [http-nio-9000-exec-6] com.example.demo.service.LogServiceImpl  : api Error
2022-06-17 14:08:14.536  INFO 2252 --- [http-nio-9000-exec-7] com.example.demo.service.LogServiceImpl  : api Info
2022-06-17 14:08:14.536  WARN 2252 --- [http-nio-9000-exec-7] com.example.demo.service.LogServiceImpl  : api Warn
2022-06-17 14:08:14.536 ERROR 2252 --- [http-nio-9000-exec-7] com.example.demo.service.LogServiceImpl  : api Error
2022-06-17 14:08:14.536  INFO 2252 --- [http-nio-9000-exec-7] com.example.demo.service.LogServiceImpl  : api Info
2022-06-17 14:08:14.536  WARN 2252 --- [http-nio-9000-exec-7] com.example.demo.service.LogServiceImpl  : api Warn
2022-06-17 14:08:14.536 ERROR 2252 --- [http-nio-9000-exec-7] com.example.demo.service.LogServiceImpl  : api Error
2022-06-17 14:08:15.044  INFO 2252 --- [http-nio-9000-exec-8] com.example.demo.service.LogServiceImpl  : api Info
2022-06-17 14:08:15.044  WARN 2252 --- [http-nio-9000-exec-8] com.example.demo.service.LogServiceImpl  : api Warn
2022-06-17 14:08:15.044 ERROR 2252 --- [http-nio-9000-exec-8] com.example.demo.service.LogServiceImpl  : api Error
2022-06-17 14:08:15.044  INFO 2252 --- [http-nio-9000-exec-8] com.example.demo.service.LogServiceImpl  : api Info
2022-06-17 14:08:15.044  WARN 2252 --- [http-nio-9000-exec-8] com.example.demo.service.LogServiceImpl  : api Warn
2022-06-17 14:08:15.044 ERROR 2252 --- [http-nio-9000-exec-8] com.example.demo.service.LogServiceImpl  : api Error
2022-06-17 14:08:15.553  INFO 2252 --- [http-nio-9000-exec-9] com.example.demo.service.LogServiceImpl  : api Info
2022-06-17 14:08:15.553  WARN 2252 --- [http-nio-9000-exec-9] com.example.demo.service.LogServiceImpl  : api Warn
2022-06-17 14:08:15.554 ERROR 2252 --- [http-nio-9000-exec-9] com.example.demo.service.LogServiceImpl  : api Error
2022-06-17 14:08:15.554  INFO 2252 --- [http-nio-9000-exec-9] com.example.demo.service.LogServiceImpl  : api Info
2022-06-17 14:08:15.554  WARN 2252 --- [http-nio-9000-exec-9] com.example.demo.service.LogServiceImpl  : api Warn
2022-06-17 14:08:15.554 ERROR 2252 --- [http-nio-9000-exec-9] com.example.demo.service.LogServiceImpl  : api Error
2022-06-17 14:08:16.062  INFO 2252 --- [http-nio-9000-exec-10] com.example.demo.service.LogServiceImpl  : api Info
2022-06-17 14:08:16.062  WARN 2252 --- [http-nio-9000-exec-10] com.example.demo.service.LogServiceImpl  : api Warn
2022-06-17 14:08:16.062 ERROR 2252 --- [http-nio-9000-exec-10] com.example.demo.service.LogServiceImpl  : api Error
2022-06-17 14:08:16.062  INFO 2252 --- [http-nio-9000-exec-10] com.example.demo.service.LogServiceImpl  : api Info
2022-06-17 14:08:16.062  WARN 2252 --- [http-nio-9000-exec-10] com.example.demo.service.LogServiceImpl  : api Warn
2022-06-17 14:08:16.062 ERROR 2252 --- [http-nio-9000-exec-10] com.example.demo.service.LogServiceImpl  : api Error
2022-06-17 14:08:16.571  INFO 2252 --- [http-nio-9000-exec-1] com.example.demo.service.LogServiceImpl  : api Info
2022-06-17 14:08:16.572  WARN 2252 --- [http-nio-9000-exec-1] com.example.demo.service.LogServiceImpl  : api Warn
2022-06-17 14:08:16.572 ERROR 2252 --- [http-nio-9000-exec-1] com.example.demo.service.LogServiceImpl  : api Error
2022-06-17 14:08:16.572  INFO 2252 --- [http-nio-9000-exec-1] com.example.demo.service.LogServiceImpl  : api Info
2022-06-17 14:08:16.572  WARN 2252 --- [http-nio-9000-exec-1] com.example.demo.service.LogServiceImpl  : api Warn
2022-06-17 14:08:16.572 ERROR 2252 --- [http-nio-9000-exec-1] com.example.demo.service.LogServiceImpl  : api Error
2022-06-17 14:08:17.081  INFO 2252 --- [http-nio-9000-exec-2] com.example.demo.service.LogServiceImpl  : api Info
2022-06-17 14:08:17.082  WARN 2252 --- [http-nio-9000-exec-2] com.example.demo.service.LogServiceImpl  : api Warn
2022-06-17 14:08:17.082 ERROR 2252 --- [http-nio-9000-exec-2] com.example.demo.service.LogServiceImpl  : api Error
2022-06-17 14:08:17.082  INFO 2252 --- [http-nio-9000-exec-2] com.example.demo.service.LogServiceImpl  : api Info
2022-06-17 14:08:17.082  WARN 2252 --- [http-nio-9000-exec-2] com.example.demo.service.LogServiceImpl  : api Warn
2022-06-17 14:08:17.082 ERROR 2252 --- [http-nio-9000-exec-2] com.example.demo.service.LogServiceImpl  : api Error
2022-06-17 14:08:17.592  INFO 2252 --- [http-nio-9000-exec-3] com.example.demo.service.LogServiceImpl  : api Info
2022-06-17 14:08:17.593  WARN 2252 --- [http-nio-9000-exec-3] com.example.demo.service.LogServiceImpl  : api Warn
2022-06-17 14:08:17.593 ERROR 2252 --- [http-nio-9000-exec-3] com.example.demo.service.LogServiceImpl  : api Error
2022-06-17 14:08:17.593  INFO 2252 --- [http-nio-9000-exec-3] com.example.demo.service.LogServiceImpl  : api Info
2022-06-17 14:08:17.593  WARN 2252 --- [http-nio-9000-exec-3] com.example.demo.service.LogServiceImpl  : api Warn
2022-06-17 14:08:17.593 ERROR 2252 --- [http-nio-9000-exec-3] com.example.demo.service.LogServiceImpl  : api Error
2022-06-17 14:08:18.103  INFO 2252 --- [http-nio-9000-exec-4] com.example.demo.service.LogServiceImpl  : api Info
2022-06-17 14:08:18.104  WARN 2252 --- [http-nio-9000-exec-4] com.example.demo.service.LogServiceImpl  : api Warn
2022-06-17 14:08:18.104 ERROR 2252 --- [http-nio-9000-exec-4] com.example.demo.service.LogServiceImpl  : api Error
2022-06-17 14:08:18.104  INFO 2252 --- [http-nio-9000-exec-4] com.example.demo.service.LogServiceImpl  : api Info
2022-06-17 14:08:18.104  WARN 2252 --- [http-nio-9000-exec-4] com.example.demo.service.LogServiceImpl  : api Warn
2022-06-17 14:08:18.104 ERROR 2252 --- [http-nio-9000-exec-4] com.example.demo.service.LogServiceImpl  : api Error
2022-06-17 14:27:12.347  INFO 2252 --- [RMI TCP Connection(36)-127.0.0.1] inMXBeanRegistrar$SpringApplicationAdmin : Application shutdown requested.
2022-06-17 14:27:12.349  INFO 2252 --- [RMI TCP Connection(36)-127.0.0.1] o.s.s.concurrent.ThreadPoolTaskExecutor  : Shutting down ExecutorService 'applicationTaskExecutor'
